[debug] [2021-10-01T17:56:16.329Z] ----------------------------------------------------------------------
[debug] [2021-10-01T17:56:16.331Z] Command:       C:\Program Files\nodejs\node.exe C:\Users\nicko\AppData\Roaming\npm\node_modules\firebase-tools\lib\bin\firebase.js init
[debug] [2021-10-01T17:56:16.331Z] CLI Version:   9.19.0
[debug] [2021-10-01T17:56:16.332Z] Platform:      win32
[debug] [2021-10-01T17:56:16.332Z] Node Version:  v12.16.3
[debug] [2021-10-01T17:56:16.333Z] Time:          Fri Oct 01 2021 12:56:16 GMT-0500 (Central Daylight Time)
[debug] [2021-10-01T17:56:16.333Z] ----------------------------------------------------------------------
[debug] 
[debug] [2021-10-01T17:56:16.340Z] > command requires scopes: ["email","openid","https://www.googleapis.com/auth/cloudplatformprojects.readonly","https://www.googleapis.com/auth/firebase","https://www.googleapis.com/auth/cloud-platform"]
[debug] [2021-10-01T17:56:16.340Z] > authorizing via signed-in user (nickolaymatt@gmail.com)
[info] 
     ######## #### ########  ######## ########     ###     ######  ########
     ##        ##  ##     ## ##       ##     ##  ##   ##  ##       ##
     ######    ##  ########  ######   ########  #########  ######  ######
     ##        ##  ##    ##  ##       ##     ## ##     ##       ## ##
     ##       #### ##     ## ######## ########  ##     ##  ######  ########

You're about to initialize a Firebase project in this directory:

  C:\Code\blog

Before we get started, keep in mind:

  * You are currently outside your home directory

